{"C:\\Users\\PC\\proyectos\\practica-react-vite\\practica-001\\src\\Fichas\\components\\PlayerLogin\\PlayerLogin.jsx": {"path":"C:\\Users\\PC\\proyectos\\practica-react-vite\\practica-001\\src\\Fichas\\components\\PlayerLogin\\PlayerLogin.jsx","statementMap":{"0":{"start":{"line":5,"column":20},"end":{"line":48,"column":2}},"1":{"start":{"line":6,"column":34},"end":{"line":6,"column":46}},"2":{"start":{"line":7,"column":28},"end":{"line":7,"column":40}},"3":{"start":{"line":9,"column":23},"end":{"line":21,"column":3}},"4":{"start":{"line":10,"column":4},"end":{"line":10,"column":23}},"5":{"start":{"line":11,"column":4},"end":{"line":11,"column":17}},"6":{"start":{"line":12,"column":4},"end":{"line":15,"column":5}},"7":{"start":{"line":13,"column":6},"end":{"line":13,"column":57}},"8":{"start":{"line":14,"column":6},"end":{"line":14,"column":13}},"9":{"start":{"line":16,"column":4},"end":{"line":19,"column":5}},"10":{"start":{"line":17,"column":6},"end":{"line":17,"column":61}},"11":{"start":{"line":18,"column":6},"end":{"line":18,"column":13}},"12":{"start":{"line":20,"column":4},"end":{"line":20,"column":29}},"13":{"start":{"line":23,"column":2},"end":{"line":47,"column":4}},"14":{"start":{"line":35,"column":31},"end":{"line":35,"column":58}}},"fnMap":{"0":{"name":"PlayerLogin","decl":{"start":{"line":5,"column":40},"end":{"line":5,"column":51}},"loc":{"start":{"line":5,"column":65},"end":{"line":48,"column":1}},"line":5},"1":{"name":"(anonymous_1)","decl":{"start":{"line":9,"column":23},"end":{"line":9,"column":24}},"loc":{"start":{"line":9,"column":30},"end":{"line":21,"column":3}},"line":9},"2":{"name":"(anonymous_2)","decl":{"start":{"line":35,"column":24},"end":{"line":35,"column":25}},"loc":{"start":{"line":35,"column":31},"end":{"line":35,"column":58}},"line":35}},"branchMap":{"0":{"loc":{"start":{"line":12,"column":4},"end":{"line":15,"column":5}},"type":"if","locations":[{"start":{"line":12,"column":4},"end":{"line":15,"column":5}},{"start":{},"end":{}}],"line":12},"1":{"loc":{"start":{"line":16,"column":4},"end":{"line":19,"column":5}},"type":"if","locations":[{"start":{"line":16,"column":4},"end":{"line":19,"column":5}},{"start":{},"end":{}}],"line":16},"2":{"loc":{"start":{"line":40,"column":11},"end":{"line":40,"column":64}},"type":"binary-expr","locations":[{"start":{"line":40,"column":11},"end":{"line":40,"column":16}},{"start":{"line":40,"column":20},"end":{"line":40,"column":64}}],"line":40}},"s":{"0":1,"1":8,"2":8,"3":8,"4":3,"5":3,"6":3,"7":1,"8":1,"9":2,"10":1,"11":1,"12":1,"13":8,"14":2},"f":{"0":8,"1":3,"2":2},"b":{"0":[1,2],"1":[1,1],"2":[8,2]},"_coverageSchema":"1a1c01bbd47fc00a2c39e90264f33305004495a9","hash":"4b20526a735ba0ac4aad66dfb30773ebbe685068"}
,"C:\\Users\\PC\\proyectos\\practica-react-vite\\practica-001\\src\\components\\BannerComponent.jsx": {"path":"C:\\Users\\PC\\proyectos\\practica-react-vite\\practica-001\\src\\components\\BannerComponent.jsx","statementMap":{"0":{"start":{"line":5,"column":2},"end":{"line":14,"column":3}}},"fnMap":{"0":{"name":"BannerComponent","decl":{"start":{"line":4,"column":24},"end":{"line":4,"column":39}},"loc":{"start":{"line":4,"column":42},"end":{"line":15,"column":1}},"line":4}},"branchMap":{},"s":{"0":1},"f":{"0":1},"b":{},"_coverageSchema":"1a1c01bbd47fc00a2c39e90264f33305004495a9","hash":"6435367de167d540703c09e904941fb173d4a6d0"}
,"C:\\Users\\PC\\proyectos\\practica-react-vite\\practica-001\\src\\components\\ContactSection.jsx": {"path":"C:\\Users\\PC\\proyectos\\practica-react-vite\\practica-001\\src\\components\\ContactSection.jsx","statementMap":{"0":{"start":{"line":6,"column":23},"end":{"line":124,"column":1}},"1":{"start":{"line":7,"column":34},"end":{"line":11,"column":4}},"2":{"start":{"line":13,"column":23},"end":{"line":18,"column":3}},"3":{"start":{"line":14,"column":4},"end":{"line":14,"column":23}},"4":{"start":{"line":15,"column":4},"end":{"line":15,"column":26}},"5":{"start":{"line":16,"column":4},"end":{"line":16,"column":54}},"6":{"start":{"line":17,"column":4},"end":{"line":17,"column":60}},"7":{"start":{"line":20,"column":23},"end":{"line":25,"column":3}},"8":{"start":{"line":21,"column":4},"end":{"line":24,"column":7}},"9":{"start":{"line":27,"column":2},"end":{"line":123,"column":4}}},"fnMap":{"0":{"name":"(anonymous_0)","decl":{"start":{"line":6,"column":23},"end":{"line":6,"column":24}},"loc":{"start":{"line":6,"column":29},"end":{"line":124,"column":1}},"line":6},"1":{"name":"(anonymous_1)","decl":{"start":{"line":13,"column":23},"end":{"line":13,"column":24}},"loc":{"start":{"line":13,"column":30},"end":{"line":18,"column":3}},"line":13},"2":{"name":"(anonymous_2)","decl":{"start":{"line":20,"column":23},"end":{"line":20,"column":24}},"loc":{"start":{"line":20,"column":30},"end":{"line":25,"column":3}},"line":20}},"branchMap":{},"s":{"0":1,"1":3,"2":3,"3":1,"4":1,"5":1,"6":1,"7":3,"8":0,"9":3},"f":{"0":3,"1":1,"2":0},"b":{},"_coverageSchema":"1a1c01bbd47fc00a2c39e90264f33305004495a9","hash":"7de02134d0fad6436dc4463d6d32387828c62367"}
,"C:\\Users\\PC\\proyectos\\practica-react-vite\\practica-001\\src\\components\\Footer.jsx": {"path":"C:\\Users\\PC\\proyectos\\practica-react-vite\\practica-001\\src\\components\\Footer.jsx","statementMap":{"0":{"start":{"line":3,"column":15},"end":{"line":13,"column":1}},"1":{"start":{"line":4,"column":22},"end":{"line":4,"column":46}},"2":{"start":{"line":6,"column":2},"end":{"line":12,"column":4}}},"fnMap":{"0":{"name":"(anonymous_0)","decl":{"start":{"line":3,"column":15},"end":{"line":3,"column":16}},"loc":{"start":{"line":3,"column":21},"end":{"line":13,"column":1}},"line":3}},"branchMap":{},"s":{"0":1,"1":1,"2":1},"f":{"0":1},"b":{},"_coverageSchema":"1a1c01bbd47fc00a2c39e90264f33305004495a9","hash":"b2bc9364d90845e86be481830f92cb118f714a51"}
,"C:\\Users\\PC\\proyectos\\practica-react-vite\\practica-001\\src\\components\\Hero.jsx": {"path":"C:\\Users\\PC\\proyectos\\practica-react-vite\\practica-001\\src\\components\\Hero.jsx","statementMap":{"0":{"start":{"line":3,"column":13},"end":{"line":41,"column":1}},"1":{"start":{"line":4,"column":2},"end":{"line":40,"column":4}},"2":{"start":{"line":21,"column":32},"end":{"line":21,"column":89}},"3":{"start":{"line":21,"column":72},"end":{"line":21,"column":89}},"4":{"start":{"line":30,"column":32},"end":{"line":30,"column":89}},"5":{"start":{"line":30,"column":72},"end":{"line":30,"column":89}}},"fnMap":{"0":{"name":"(anonymous_0)","decl":{"start":{"line":3,"column":13},"end":{"line":3,"column":14}},"loc":{"start":{"line":3,"column":19},"end":{"line":41,"column":1}},"line":3},"1":{"name":"(anonymous_1)","decl":{"start":{"line":21,"column":25},"end":{"line":21,"column":26}},"loc":{"start":{"line":21,"column":30},"end":{"line":21,"column":91}},"line":21},"2":{"name":"(anonymous_2)","decl":{"start":{"line":30,"column":25},"end":{"line":30,"column":26}},"loc":{"start":{"line":30,"column":30},"end":{"line":30,"column":91}},"line":30}},"branchMap":{"0":{"loc":{"start":{"line":21,"column":32},"end":{"line":21,"column":89}},"type":"if","locations":[{"start":{"line":21,"column":32},"end":{"line":21,"column":89}},{"start":{},"end":{}}],"line":21},"1":{"loc":{"start":{"line":21,"column":36},"end":{"line":21,"column":70}},"type":"binary-expr","locations":[{"start":{"line":21,"column":36},"end":{"line":21,"column":53}},{"start":{"line":21,"column":57},"end":{"line":21,"column":70}}],"line":21},"2":{"loc":{"start":{"line":30,"column":32},"end":{"line":30,"column":89}},"type":"if","locations":[{"start":{"line":30,"column":32},"end":{"line":30,"column":89}},{"start":{},"end":{}}],"line":30},"3":{"loc":{"start":{"line":30,"column":36},"end":{"line":30,"column":70}},"type":"binary-expr","locations":[{"start":{"line":30,"column":36},"end":{"line":30,"column":53}},{"start":{"line":30,"column":57},"end":{"line":30,"column":70}}],"line":30}},"s":{"0":1,"1":2,"2":2,"3":2,"4":2,"5":2},"f":{"0":2,"1":2,"2":2},"b":{"0":[2,0],"1":[2,1],"2":[2,0],"3":[2,1]},"_coverageSchema":"1a1c01bbd47fc00a2c39e90264f33305004495a9","hash":"03bc9507b4823ee335ae9d938fe7a5e23a8d6d06"}
,"C:\\Users\\PC\\proyectos\\practica-react-vite\\practica-001\\src\\components\\ImageComponent.jsx": {"path":"C:\\Users\\PC\\proyectos\\practica-react-vite\\practica-001\\src\\components\\ImageComponent.jsx","statementMap":{"0":{"start":{"line":3,"column":23},"end":{"line":12,"column":1}},"1":{"start":{"line":4,"column":2},"end":{"line":11,"column":3}}},"fnMap":{"0":{"name":"(anonymous_0)","decl":{"start":{"line":3,"column":23},"end":{"line":3,"column":24}},"loc":{"start":{"line":3,"column":52},"end":{"line":12,"column":1}},"line":3}},"branchMap":{"0":{"loc":{"start":{"line":7,"column":11},"end":{"line":7,"column":26}},"type":"binary-expr","locations":[{"start":{"line":7,"column":11},"end":{"line":7,"column":14}},{"start":{"line":7,"column":18},"end":{"line":7,"column":26}}],"line":7}},"s":{"0":1,"1":1},"f":{"0":1},"b":{"0":[1,0]},"_coverageSchema":"1a1c01bbd47fc00a2c39e90264f33305004495a9","hash":"617acfcfd9f45760f74663c755408a53c063bb03"}
,"C:\\Users\\PC\\proyectos\\practica-react-vite\\practica-001\\src\\components\\Navbar.jsx": {"path":"C:\\Users\\PC\\proyectos\\practica-react-vite\\practica-001\\src\\components\\Navbar.jsx","statementMap":{"0":{"start":{"line":6,"column":15},"end":{"line":141,"column":1}},"1":{"start":{"line":7,"column":30},"end":{"line":7,"column":45}},"2":{"start":{"line":8,"column":36},"end":{"line":8,"column":51}},"3":{"start":{"line":10,"column":29},"end":{"line":17,"column":3}},"4":{"start":{"line":11,"column":4},"end":{"line":11,"column":23}},"5":{"start":{"line":12,"column":20},"end":{"line":12,"column":54}},"6":{"start":{"line":13,"column":4},"end":{"line":15,"column":5}},"7":{"start":{"line":14,"column":6},"end":{"line":14,"column":69}},"8":{"start":{"line":16,"column":4},"end":{"line":16,"column":16}},"9":{"start":{"line":19,"column":20},"end":{"line":25,"column":3}},"10":{"start":{"line":20,"column":4},"end":{"line":20,"column":23}},"11":{"start":{"line":21,"column":4},"end":{"line":24,"column":12}},"12":{"start":{"line":22,"column":6},"end":{"line":22,"column":23}},"13":{"start":{"line":23,"column":6},"end":{"line":23,"column":26}},"14":{"start":{"line":27,"column":21},"end":{"line":33,"column":3}},"15":{"start":{"line":28,"column":4},"end":{"line":32,"column":5}},"16":{"start":{"line":29,"column":6},"end":{"line":29,"column":18}},"17":{"start":{"line":31,"column":6},"end":{"line":31,"column":22}},"18":{"start":{"line":35,"column":19},"end":{"line":40,"column":3}},"19":{"start":{"line":42,"column":2},"end":{"line":140,"column":4}},"20":{"start":{"line":55,"column":14},"end":{"line":70,"column":18}},"21":{"start":{"line":58,"column":32},"end":{"line":58,"column":62}},"22":{"start":{"line":64,"column":18},"end":{"line":66,"column":19}},"23":{"start":{"line":65,"column":20},"end":{"line":65,"column":51}},"24":{"start":{"line":108,"column":18},"end":{"line":132,"column":22}},"25":{"start":{"line":111,"column":36},"end":{"line":111,"column":66}},"26":{"start":{"line":117,"column":22},"end":{"line":119,"column":23}},"27":{"start":{"line":118,"column":24},"end":{"line":118,"column":55}},"28":{"start":{"line":121,"column":22},"end":{"line":124,"column":23}},"29":{"start":{"line":122,"column":37},"end":{"line":122,"column":105}},"30":{"start":{"line":123,"column":24},"end":{"line":123,"column":47}},"31":{"start":{"line":123,"column":34},"end":{"line":123,"column":47}},"32":{"start":{"line":125,"column":22},"end":{"line":128,"column":23}},"33":{"start":{"line":126,"column":37},"end":{"line":126,"column":105}},"34":{"start":{"line":127,"column":24},"end":{"line":127,"column":47}},"35":{"start":{"line":127,"column":34},"end":{"line":127,"column":47}}},"fnMap":{"0":{"name":"(anonymous_0)","decl":{"start":{"line":6,"column":15},"end":{"line":6,"column":16}},"loc":{"start":{"line":6,"column":21},"end":{"line":141,"column":1}},"line":6},"1":{"name":"(anonymous_1)","decl":{"start":{"line":10,"column":29},"end":{"line":10,"column":30}},"loc":{"start":{"line":10,"column":47},"end":{"line":17,"column":3}},"line":10},"2":{"name":"(anonymous_2)","decl":{"start":{"line":19,"column":20},"end":{"line":19,"column":21}},"loc":{"start":{"line":19,"column":26},"end":{"line":25,"column":3}},"line":19},"3":{"name":"(anonymous_3)","decl":{"start":{"line":21,"column":15},"end":{"line":21,"column":16}},"loc":{"start":{"line":21,"column":21},"end":{"line":24,"column":5}},"line":21},"4":{"name":"(anonymous_4)","decl":{"start":{"line":27,"column":21},"end":{"line":27,"column":22}},"loc":{"start":{"line":27,"column":27},"end":{"line":33,"column":3}},"line":27},"5":{"name":"(anonymous_5)","decl":{"start":{"line":54,"column":26},"end":{"line":54,"column":27}},"loc":{"start":{"line":55,"column":14},"end":{"line":70,"column":18}},"line":55},"6":{"name":"(anonymous_6)","decl":{"start":{"line":58,"column":25},"end":{"line":58,"column":26}},"loc":{"start":{"line":58,"column":32},"end":{"line":58,"column":62}},"line":58},"7":{"name":"(anonymous_7)","decl":{"start":{"line":63,"column":27},"end":{"line":63,"column":28}},"loc":{"start":{"line":63,"column":34},"end":{"line":67,"column":17}},"line":63},"8":{"name":"(anonymous_8)","decl":{"start":{"line":107,"column":30},"end":{"line":107,"column":31}},"loc":{"start":{"line":108,"column":18},"end":{"line":132,"column":22}},"line":108},"9":{"name":"(anonymous_9)","decl":{"start":{"line":111,"column":29},"end":{"line":111,"column":30}},"loc":{"start":{"line":111,"column":36},"end":{"line":111,"column":66}},"line":111},"10":{"name":"(anonymous_10)","decl":{"start":{"line":116,"column":31},"end":{"line":116,"column":32}},"loc":{"start":{"line":116,"column":38},"end":{"line":129,"column":21}},"line":116}},"branchMap":{"0":{"loc":{"start":{"line":13,"column":4},"end":{"line":15,"column":5}},"type":"if","locations":[{"start":{"line":13,"column":4},"end":{"line":15,"column":5}},{"start":{},"end":{}}],"line":13},"1":{"loc":{"start":{"line":28,"column":4},"end":{"line":32,"column":5}},"type":"if","locations":[{"start":{"line":28,"column":4},"end":{"line":32,"column":5}},{"start":{"line":30,"column":11},"end":{"line":32,"column":5}}],"line":28},"2":{"loc":{"start":{"line":64,"column":18},"end":{"line":66,"column":19}},"type":"if","locations":[{"start":{"line":64,"column":18},"end":{"line":66,"column":19}},{"start":{},"end":{}}],"line":64},"3":{"loc":{"start":{"line":64,"column":22},"end":{"line":64,"column":56}},"type":"binary-expr","locations":[{"start":{"line":64,"column":22},"end":{"line":64,"column":39}},{"start":{"line":64,"column":43},"end":{"line":64,"column":56}}],"line":64},"4":{"loc":{"start":{"line":87,"column":26},"end":{"line":87,"column":63}},"type":"cond-expr","locations":[{"start":{"line":87,"column":35},"end":{"line":87,"column":48}},{"start":{"line":87,"column":51},"end":{"line":87,"column":63}}],"line":87},"5":{"loc":{"start":{"line":92,"column":22},"end":{"line":92,"column":47}},"type":"cond-expr","locations":[{"start":{"line":92,"column":31},"end":{"line":92,"column":38}},{"start":{"line":92,"column":41},"end":{"line":92,"column":47}}],"line":92},"6":{"loc":{"start":{"line":99,"column":11},"end":{"line":136,"column":11}},"type":"binary-expr","locations":[{"start":{"line":99,"column":11},"end":{"line":99,"column":17}},{"start":{"line":100,"column":12},"end":{"line":135,"column":18}}],"line":99},"7":{"loc":{"start":{"line":102,"column":149},"end":{"line":102,"column":186}},"type":"cond-expr","locations":[{"start":{"line":102,"column":161},"end":{"line":102,"column":171}},{"start":{"line":102,"column":174},"end":{"line":102,"column":186}}],"line":102},"8":{"loc":{"start":{"line":117,"column":22},"end":{"line":119,"column":23}},"type":"if","locations":[{"start":{"line":117,"column":22},"end":{"line":119,"column":23}},{"start":{},"end":{}}],"line":117},"9":{"loc":{"start":{"line":117,"column":26},"end":{"line":117,"column":60}},"type":"binary-expr","locations":[{"start":{"line":117,"column":26},"end":{"line":117,"column":43}},{"start":{"line":117,"column":47},"end":{"line":117,"column":60}}],"line":117},"10":{"loc":{"start":{"line":121,"column":22},"end":{"line":124,"column":23}},"type":"if","locations":[{"start":{"line":121,"column":22},"end":{"line":124,"column":23}},{"start":{},"end":{}}],"line":121},"11":{"loc":{"start":{"line":123,"column":24},"end":{"line":123,"column":47}},"type":"if","locations":[{"start":{"line":123,"column":24},"end":{"line":123,"column":47}},{"start":{},"end":{}}],"line":123},"12":{"loc":{"start":{"line":125,"column":22},"end":{"line":128,"column":23}},"type":"if","locations":[{"start":{"line":125,"column":22},"end":{"line":128,"column":23}},{"start":{},"end":{}}],"line":125},"13":{"loc":{"start":{"line":127,"column":24},"end":{"line":127,"column":47}},"type":"if","locations":[{"start":{"line":127,"column":24},"end":{"line":127,"column":47}},{"start":{},"end":{}}],"line":127}},"s":{"0":1,"1":9,"2":9,"3":9,"4":2,"5":2,"6":2,"7":0,"8":2,"9":9,"10":3,"11":3,"12":1,"13":1,"14":9,"15":3,"16":1,"17":2,"18":9,"19":9,"20":36,"21":0,"22":0,"23":0,"24":20,"25":0,"26":4,"27":2,"28":4,"29":1,"30":1,"31":1,"32":4,"33":1,"34":1,"35":1},"f":{"0":9,"1":2,"2":3,"3":1,"4":3,"5":36,"6":0,"7":0,"8":20,"9":0,"10":4},"b":{"0":[0,2],"1":[1,2],"2":[0,0],"3":[0,0],"4":[5,4],"5":[5,4],"6":[9,5],"7":[3,2],"8":[2,2],"9":[4,3],"10":[1,3],"11":[1,0],"12":[1,3],"13":[1,0]},"_coverageSchema":"1a1c01bbd47fc00a2c39e90264f33305004495a9","hash":"71da0721450ac0f8d309213be19858d04d16f98b"}
}
