TN:
SF:src\Fichas\components\PlayerLogin\PlayerLogin.jsx
FN:5,PlayerLogin
FN:9,(anonymous_1)
FN:35,(anonymous_2)
FNF:3
FNH:3
FNDA:8,PlayerLogin
FNDA:3,(anonymous_1)
FNDA:2,(anonymous_2)
DA:5,1
DA:6,8
DA:7,8
DA:9,8
DA:10,3
DA:11,3
DA:12,3
DA:13,1
DA:14,1
DA:16,2
DA:17,1
DA:18,1
DA:20,1
DA:23,8
DA:35,2
LF:15
LH:15
BRDA:12,0,0,1
BRDA:12,0,1,2
BRDA:16,1,0,1
BRDA:16,1,1,1
BRDA:40,2,0,8
BRDA:40,2,1,2
BRF:6
BRH:6
end_of_record
TN:
SF:src\components\BannerComponent.jsx
FN:4,BannerComponent
FNF:1
FNH:1
FNDA:1,BannerComponent
DA:5,1
LF:1
LH:1
BRF:0
BRH:0
end_of_record
TN:
SF:src\components\ContactSection.jsx
FN:6,(anonymous_0)
FN:13,(anonymous_1)
FN:20,(anonymous_2)
FNF:3
FNH:2
FNDA:3,(anonymous_0)
FNDA:1,(anonymous_1)
FNDA:0,(anonymous_2)
DA:6,1
DA:7,3
DA:13,3
DA:14,1
DA:15,1
DA:16,1
DA:17,1
DA:20,3
DA:21,0
DA:27,3
LF:10
LH:9
BRF:0
BRH:0
end_of_record
TN:
SF:src\components\Footer.jsx
FN:3,(anonymous_0)
FNF:1
FNH:1
FNDA:1,(anonymous_0)
DA:3,1
DA:4,1
DA:6,1
LF:3
LH:3
BRF:0
BRH:0
end_of_record
TN:
SF:src\components\Hero.jsx
FN:3,(anonymous_0)
FN:21,(anonymous_1)
FN:30,(anonymous_2)
FNF:3
FNH:3
FNDA:2,(anonymous_0)
FNDA:2,(anonymous_1)
FNDA:2,(anonymous_2)
DA:3,1
DA:4,2
DA:21,2
DA:30,2
LF:4
LH:4
BRDA:21,0,0,2
BRDA:21,0,1,0
BRDA:21,1,0,2
BRDA:21,1,1,1
BRDA:30,2,0,2
BRDA:30,2,1,0
BRDA:30,3,0,2
BRDA:30,3,1,1
BRF:8
BRH:6
end_of_record
TN:
SF:src\components\ImageComponent.jsx
FN:3,(anonymous_0)
FNF:1
FNH:1
FNDA:1,(anonymous_0)
DA:3,1
DA:4,1
LF:2
LH:2
BRDA:7,0,0,1
BRDA:7,0,1,0
BRF:2
BRH:1
end_of_record
TN:
SF:src\components\Navbar.jsx
FN:6,(anonymous_0)
FN:10,(anonymous_1)
FN:19,(anonymous_2)
FN:21,(anonymous_3)
FN:27,(anonymous_4)
FN:54,(anonymous_5)
FN:58,(anonymous_6)
FN:63,(anonymous_7)
FN:107,(anonymous_8)
FN:111,(anonymous_9)
FN:116,(anonymous_10)
FNF:11
FNH:8
FNDA:9,(anonymous_0)
FNDA:2,(anonymous_1)
FNDA:3,(anonymous_2)
FNDA:1,(anonymous_3)
FNDA:3,(anonymous_4)
FNDA:36,(anonymous_5)
FNDA:0,(anonymous_6)
FNDA:0,(anonymous_7)
FNDA:20,(anonymous_8)
FNDA:0,(anonymous_9)
FNDA:4,(anonymous_10)
DA:6,1
DA:7,9
DA:8,9
DA:10,9
DA:11,2
DA:12,2
DA:13,2
DA:14,0
DA:16,2
DA:19,9
DA:20,3
DA:21,3
DA:22,1
DA:23,1
DA:27,9
DA:28,3
DA:29,1
DA:31,2
DA:35,9
DA:42,9
DA:55,36
DA:58,0
DA:64,0
DA:65,0
DA:108,20
DA:111,0
DA:117,4
DA:118,2
DA:121,4
DA:122,1
DA:123,1
DA:125,4
DA:126,1
DA:127,1
LF:34
LH:29
BRDA:13,0,0,0
BRDA:13,0,1,2
BRDA:28,1,0,1
BRDA:28,1,1,2
BRDA:64,2,0,0
BRDA:64,2,1,0
BRDA:64,3,0,0
BRDA:64,3,1,0
BRDA:87,4,0,5
BRDA:87,4,1,4
BRDA:92,5,0,5
BRDA:92,5,1,4
BRDA:99,6,0,9
BRDA:99,6,1,5
BRDA:102,7,0,3
BRDA:102,7,1,2
BRDA:117,8,0,2
BRDA:117,8,1,2
BRDA:117,9,0,4
BRDA:117,9,1,3
BRDA:121,10,0,1
BRDA:121,10,1,3
BRDA:123,11,0,1
BRDA:123,11,1,0
BRDA:125,12,0,1
BRDA:125,12,1,3
BRDA:127,13,0,1
BRDA:127,13,1,0
BRF:28
BRH:21
end_of_record
